{
  "stats": {
    "suites": 1,
    "tests": 1,
    "passes": 1,
    "pending": 0,
    "failures": 0,
    "start": "2019-06-14T04:44:37.026Z",
    "end": "2019-06-14T04:44:40.961Z",
    "duration": 3935,
    "testsRegistered": 1,
    "passPercent": 100,
    "pendingPercent": 0,
    "other": 0,
    "hasOther": false,
    "skipped": 0,
    "hasSkipped": false,
    "passPercentClass": "success",
    "pendingPercentClass": "danger"
  },
  "suites": {
    "uuid": "9fd3b18d-57fd-4910-afa2-2328c38a28af",
    "title": "",
    "fullFile": "",
    "file": "",
    "beforeHooks": [],
    "afterHooks": [],
    "tests": [],
    "suites": [
      {
        "uuid": "080d72d4-c1ec-44b9-864b-c19aec38f9db",
        "title": "Actions",
        "fullFile": "",
        "file": "",
        "beforeHooks": [],
        "afterHooks": [],
        "tests": [
          {
            "title": "Perform login",
            "fullTitle": "Actions Perform login",
            "duration": 1900,
            "state": "passed",
            "speed": "slow",
            "pass": true,
            "fail": false,
            "pending": false,
            "code": "cy.get(\"[name='UserName']\").type(\"admin\");\ncy.get(\"[name='Password']\").type(\"password\");\ncy.get(':nth-child(3) > input').click();\ncy.get(\"[name='generate']\").click();\ncy.on('window:confirm', function (str) {\n  expect(str).to.eq('You generated a Javascript alert');\n  return false;\n});",
            "err": {},
            "isRoot": false,
            "uuid": "6e06ae7a-3727-404f-9ba8-433de4f945e3",
            "isHook": false,
            "skipped": false
          }
        ],
        "suites": [],
        "passes": [
          "6e06ae7a-3727-404f-9ba8-433de4f945e3"
        ],
        "failures": [],
        "pending": [],
        "skipped": [],
        "duration": 1900,
        "root": false,
        "rootEmpty": false,
        "_timeout": 2000
      }
    ],
    "passes": [],
    "failures": [],
    "pending": [],
    "skipped": [],
    "duration": 0,
    "root": true,
    "rootEmpty": true,
    "_timeout": 2000
  },
  "copyrightYear": 2019
}