{
  "stats": {
    "suites": 1,
    "tests": 0,
    "passes": 0,
    "pending": 0,
    "failures": 0,
    "start": "2019-06-14T04:44:28.207Z",
    "end": "2019-06-14T04:44:34.562Z",
    "duration": 6355,
    "testsRegistered": 1,
    "passPercent": 0,
    "pendingPercent": 0,
    "other": 1,
    "hasOther": true,
    "skipped": 1,
    "hasSkipped": true,
    "passPercentClass": "danger",
    "pendingPercentClass": "danger"
  },
  "suites": {
    "uuid": "72c10fb1-7b97-4223-b00b-23e3ac2a764a",
    "title": "",
    "fullFile": "",
    "file": "",
    "beforeHooks": [],
    "afterHooks": [],
    "tests": [],
    "suites": [
      {
        "uuid": "737c81df-2d0c-4cea-b6d1-1c0953625cdf",
        "title": "Test EA Application",
        "fullFile": "",
        "file": "",
        "beforeHooks": [],
        "afterHooks": [],
        "tests": [
          {
            "title": "Performing Benefit check",
            "fullTitle": "Test EA Application Performing Benefit check",
            "duration": 6345,
            "state": "failed",
            "pass": false,
            "fail": true,
            "pending": false,
            "code": "cy.percySnapshot(); //Click Employee List\ncy.contains(\"Employee List\").click();\ncy.get('.table').find('tr').contains('Prashanthsss').parent().contains('Benefits').click();\ncy.get('.table').find('tr').as(\"rows\");\ncy.get(\"@rows\").then(function ($row) {\n  cy.wrap($row).click({\n    multiple: true\n  });\n}); //Verify the value from a property\ncy.wrap({\n  name: 'Karthik'\n}).should('have.property', 'name').and('eq', 'Karthik'); // //Using Wrap\n// cy.get('.table').find('tr > td').then(($td) => {\n//     cy.wrap($td).contains(\"John\").invoke(\"wrap\").parent().contains(\"Benefits\").click();\n// })\ncy.percySnapshot(\"After\");",
            "err": {
              "message": "CypressError: Timed out retrying: expected '<input#UserName.form-control>' to be 'focused'\n\nBecause this error occurred during a 'before all' hook we are skipping the remaining tests in the current suite: 'Test EA Application'",
              "estack": "CypressError: Timed out retrying: expected '<input#UserName.form-control>' to be 'focused'\n\nBecause this error occurred during a 'before all' hook we are skipping the remaining tests in the current suite: 'Test EA Application'\n    at Object.cypressErr (http://eaapp.somee.com/__cypress/runner/cypress_runner.js:83220:11)\n    at Object.throwErr (http://eaapp.somee.com/__cypress/runner/cypress_runner.js:83185:18)\n    at Object.throwErrByPath (http://eaapp.somee.com/__cypress/runner/cypress_runner.js:83212:17)\n    at retry (http://eaapp.somee.com/__cypress/runner/cypress_runner.js:76640:16)\n    at http://eaapp.somee.com/__cypress/runner/cypress_runner.js:68612:18\n    at tryCatcher (http://eaapp.somee.com/__cypress/runner/cypress_runner.js:132142:23)\n    at Promise._settlePromiseFromHandler (http://eaapp.somee.com/__cypress/runner/cypress_runner.js:130160:31)\n    at Promise._settlePromise (http://eaapp.somee.com/__cypress/runner/cypress_runner.js:130217:18)\n    at Promise._settlePromise0 (http://eaapp.somee.com/__cypress/runner/cypress_runner.js:130262:10)\n    at Promise._settlePromises (http://eaapp.somee.com/__cypress/runner/cypress_runner.js:130337:18)\n    at Async._drainQueue (http://eaapp.somee.com/__cypress/runner/cypress_runner.js:127066:16)\n    at Async._drainQueues (http://eaapp.somee.com/__cypress/runner/cypress_runner.js:127076:10)\n    at Async.drainQueues (http://eaapp.somee.com/__cypress/runner/cypress_runner.js:126950:14)"
            },
            "isRoot": false,
            "uuid": "71ffe323-d870-4783-819a-15cf16e7cc0d",
            "isHook": false,
            "skipped": false
          }
        ],
        "suites": [],
        "passes": [],
        "failures": [
          "71ffe323-d870-4783-819a-15cf16e7cc0d"
        ],
        "pending": [],
        "skipped": [],
        "duration": 6345,
        "root": false,
        "rootEmpty": false,
        "_timeout": 2000
      }
    ],
    "passes": [],
    "failures": [],
    "pending": [],
    "skipped": [],
    "duration": 0,
    "root": true,
    "rootEmpty": true,
    "_timeout": 2000
  },
  "copyrightYear": 2019
}