{
  "stats": {
    "suites": 1,
    "tests": 1,
    "passes": 1,
    "pending": 0,
    "failures": 0,
    "start": "2020-05-17T14:13:57.263Z",
    "end": "2020-05-17T14:14:05.526Z",
    "duration": 8263,
    "testsRegistered": 1,
    "passPercent": 100,
    "pendingPercent": 0,
    "other": 0,
    "hasOther": false,
    "skipped": 0,
    "hasSkipped": false
  },
  "results": [
    {
      "uuid": "089e6326-d25a-4f19-828e-782e7c8b480a",
      "title": "",
      "fullFile": "",
      "file": "",
      "beforeHooks": [],
      "afterHooks": [],
      "tests": [],
      "suites": [
        {
          "uuid": "56b10b59-62f7-46cd-8570-3ec502d53864",
          "title": "Testing of ea ",
          "fullFile": "",
          "file": "",
          "beforeHooks": [],
          "afterHooks": [],
          "tests": [
            {
              "title": "login application",
              "fullTitle": "Testing of ea  login application",
              "timedOut": null,
              "duration": 8143,
              "state": "passed",
              "speed": "slow",
              "pass": true,
              "fail": false,
              "pending": false,
              "context": null,
              "code": "cy.visit('http://eaapp.somee.com'); // cy.get(\"#loginLink\").then(($link)=>{\n//    return $link.text();\n// }).as(\"linkText\");\ncy.get(\"#loginLink\").invoke('text').as(\"linkText\");\ncy.contains(\"Login\").click({\n  force: true\n});\ncy.get(\"@linkText\").then(function ($x) {\n  expect($x).is.eql('Login');\n});\ncy.url().should(\"include\", \"/Account/Login\");\ncy.get('#UserName').type(\"admin\");\ncy.get('#Password').type(\"password\");\ncy.get('.btn').click({\n  force: true\n});\ncy.contains(\"Employee List\").click({\n  force: true\n});\ncy.get('.table').find('tr').contains(\"Prashanth\").parent().contains(\"Benefits\").click();",
              "err": {},
              "uuid": "7ef2a509-3143-41a6-ae15-2a5a2b900bbb",
              "parentUUID": "56b10b59-62f7-46cd-8570-3ec502d53864",
              "isHook": false,
              "skipped": false
            }
          ],
          "suites": [],
          "passes": [
            "7ef2a509-3143-41a6-ae15-2a5a2b900bbb"
          ],
          "failures": [],
          "pending": [],
          "skipped": [],
          "duration": 8143,
          "root": false,
          "rootEmpty": false,
          "_timeout": 2000
        }
      ],
      "passes": [],
      "failures": [],
      "pending": [],
      "skipped": [],
      "duration": 0,
      "root": true,
      "rootEmpty": true,
      "_timeout": 2000
    }
  ],
  "meta": {
    "mocha": {
      "version": "6.1.4"
    },
    "mochawesome": {
      "options": {
        "quiet": true,
        "reportFilename": "mochawesome",
        "saveHtml": false,
        "saveJson": true,
        "useInlineDiffs": false
      },
      "version": "4.0.1"
    },
    "marge": {
      "options": {
        "id": "default",
        "reportDir": "cypress/reports/mocha",
        "quiet": true,
        "overwrite": false,
        "html": false,
        "json": true
      },
      "version": "4.0.1"
    }
  }
}