{
  "stats": {
    "suites": 1,
    "tests": 0,
    "passes": 0,
    "pending": 0,
    "failures": 0,
    "start": "2019-06-14T04:44:09.643Z",
    "end": "2019-06-14T04:44:25.127Z",
    "duration": 15484,
    "testsRegistered": 2,
    "passPercent": 0,
    "pendingPercent": 0,
    "other": 0,
    "hasOther": false,
    "skipped": 2,
    "hasSkipped": true,
    "passPercentClass": "danger",
    "pendingPercentClass": "danger"
  },
  "suites": {
    "uuid": "a24defdf-6a14-45e0-a1f1-32c5108e0af9",
    "title": "",
    "fullFile": "",
    "file": "",
    "beforeHooks": [],
    "afterHooks": [],
    "tests": [],
    "suites": [
      {
        "uuid": "a543f6ce-84e9-4432-a7d3-287df9076d8b",
        "title": "Testing of EA App",
        "fullFile": "",
        "file": "",
        "beforeHooks": [],
        "afterHooks": [],
        "tests": [
          {
            "title": "Testing EA Site for assertion",
            "fullTitle": "Testing of EA App Testing EA Site for assertion",
            "duration": 0,
            "state": "skipped",
            "pass": false,
            "fail": false,
            "pending": false,
            "code": "//Implicit assertions\n//cy.get(\"[aria-label='jump to slide 2']\",{timeout:60000}).should('have.class','ls-nav-active');\ncy.percySnapshot(); //Explicit assertions\ncy.get(\"[aria-label='jump to slide 2']\", {\n  timeout: 60000\n}).should(function ($x) {\n  expect($x).to.have.class(\"ls-nav-active\");\n});\ncy.percySnapshot();",
            "err": {},
            "isRoot": false,
            "uuid": "c2eb0721-0f5f-42eb-956c-0c8f742ccf5a",
            "isHook": false,
            "skipped": true
          },
          {
            "title": "Testing EA Site for assertion with hooks",
            "fullTitle": "Testing of EA App Testing EA Site for assertion with hooks",
            "duration": 0,
            "state": "skipped",
            "pass": false,
            "fail": false,
            "pending": false,
            "code": "cy.percySnapshot(); //Explicit assertions\ncy.get(\"[aria-label='jump to slide 2']\", {\n  timeout: 60000\n}).should(function ($x) {\n  expect($x).to.have.class(\"ls-nav-active\");\n});\ncy.percySnapshot();",
            "err": {},
            "isRoot": false,
            "uuid": "0de9dee3-b806-4885-aafd-73535a9c7ab0",
            "isHook": false,
            "skipped": true
          }
        ],
        "suites": [],
        "passes": [],
        "failures": [],
        "pending": [],
        "skipped": [
          "c2eb0721-0f5f-42eb-956c-0c8f742ccf5a",
          "0de9dee3-b806-4885-aafd-73535a9c7ab0"
        ],
        "duration": 0,
        "root": false,
        "rootEmpty": false,
        "_timeout": 2000
      }
    ],
    "passes": [],
    "failures": [],
    "pending": [],
    "skipped": [],
    "duration": 0,
    "root": true,
    "rootEmpty": true,
    "_timeout": 2000
  },
  "copyrightYear": 2019
}