{
  "stats": {
    "suites": 1,
    "tests": 0,
    "passes": 0,
    "pending": 0,
    "failures": 0,
    "start": "2020-05-17T14:15:02.600Z",
    "end": "2020-05-17T14:15:05.004Z",
    "duration": 2404,
    "testsRegistered": 1,
    "passPercent": 0,
    "pendingPercent": 0,
    "other": 1,
    "hasOther": true,
    "skipped": 1,
    "hasSkipped": true
  },
  "results": [
    {
      "uuid": "7aef05d1-f3ce-4e30-a114-93a614933d57",
      "title": "",
      "fullFile": "",
      "file": "",
      "beforeHooks": [],
      "afterHooks": [],
      "tests": [],
      "suites": [
        {
          "uuid": "f861210b-6153-45d6-80a9-843cec78d06f",
          "title": "Testing of ea appliction ",
          "fullFile": "",
          "file": "",
          "beforeHooks": [],
          "afterHooks": [],
          "tests": [
            {
              "title": "perfomring benefit check",
              "fullTitle": "Testing of ea appliction  perfomring benefit check",
              "timedOut": null,
              "duration": 2169,
              "state": "failed",
              "speed": null,
              "pass": false,
              "fail": true,
              "pending": false,
              "context": null,
              "code": "cy.url().should(\"include\", \"/Account/Login\");\ncy.get('.btn').click({\n  force: true\n});\ncy.contains(\"Employee List\").click({\n  force: true\n});\ncy.get('.table').find('tr').contains(\"Prashanth\").parent().contains(\"Benefits\").click();\ncy.get('.table').find('tr').as(\"rows\");\ncy.get(\"@rows\").then(function ($row) {\n  cy.wrap($row).click({\n    multiple: true\n  });\n});",
              "err": {
                "message": "TypeError: cy.Login is not a function\n\nBecause this error occurred during a 'before all' hook we are skipping the remaining tests in the current suite: 'Testing of ea appliction '",
                "estack": "TypeError: cy.Login is not a function\n\nBecause this error occurred during a 'before all' hook we are skipping the remaining tests in the current suite: 'Testing of ea appliction '\n    at Context.<anonymous> (http://eaapp.somee.com/__cypress/tests?p=cypress/integration/examples/customerCommand.js-828:10:10)",
                "diff": null
              },
              "uuid": "dcc19b94-8733-4970-9aa9-b71cddcd3843",
              "parentUUID": "f861210b-6153-45d6-80a9-843cec78d06f",
              "isHook": false,
              "skipped": false
            }
          ],
          "suites": [],
          "passes": [],
          "failures": [
            "dcc19b94-8733-4970-9aa9-b71cddcd3843"
          ],
          "pending": [],
          "skipped": [],
          "duration": 2169,
          "root": false,
          "rootEmpty": false,
          "_timeout": 2000
        }
      ],
      "passes": [],
      "failures": [],
      "pending": [],
      "skipped": [],
      "duration": 0,
      "root": true,
      "rootEmpty": true,
      "_timeout": 2000
    }
  ],
  "meta": {
    "mocha": {
      "version": "6.1.4"
    },
    "mochawesome": {
      "options": {
        "quiet": true,
        "reportFilename": "mochawesome",
        "saveHtml": false,
        "saveJson": true,
        "useInlineDiffs": false
      },
      "version": "4.0.1"
    },
    "marge": {
      "options": {
        "id": "default",
        "reportDir": "cypress/reports/mocha",
        "quiet": true,
        "overwrite": false,
        "html": false,
        "json": true
      },
      "version": "4.0.1"
    }
  }
}