{
  "stats": {
    "suites": 1,
    "tests": 0,
    "passes": 0,
    "pending": 0,
    "failures": 0,
    "start": "2019-06-14T04:42:41.151Z",
    "end": "2019-06-14T04:42:49.572Z",
    "duration": 8421,
    "testsRegistered": 2,
    "passPercent": 0,
    "pendingPercent": 0,
    "other": 0,
    "hasOther": false,
    "skipped": 2,
    "hasSkipped": true,
    "passPercentClass": "danger",
    "pendingPercentClass": "danger"
  },
  "suites": {
    "uuid": "56e7a75d-edac-4f1c-91a8-35c38f9a6acf",
    "title": "",
    "fullFile": "",
    "file": "",
    "beforeHooks": [],
    "afterHooks": [],
    "tests": [],
    "suites": [
      {
        "uuid": "06c8c864-7fa2-4e39-8024-39f2b7b1bb1a",
        "title": "Testing of EA App",
        "fullFile": "",
        "file": "",
        "beforeHooks": [],
        "afterHooks": [],
        "tests": [
          {
            "title": "Testing EA Site for assertion",
            "fullTitle": "Testing of EA App Testing EA Site for assertion",
            "duration": 0,
            "state": "skipped",
            "pass": false,
            "fail": false,
            "pending": false,
            "code": "//Implicit assertions\n//cy.get(\"[aria-label='jump to slide 2']\",{timeout:60000}).should('have.class','ls-nav-active');\ncy.percySnapshot(); //Explicit assertions\ncy.get(\"[aria-label='jump to slide 2']\", {\n  timeout: 60000\n}).should(function ($x) {\n  expect($x).to.have.class(\"ls-nav-active\");\n});\ncy.percySnapshot();",
            "err": {},
            "isRoot": false,
            "uuid": "202f1069-0f6f-4d6a-964c-4ab3c7546887",
            "isHook": false,
            "skipped": true
          },
          {
            "title": "Testing EA Site for assertion with hooks",
            "fullTitle": "Testing of EA App Testing EA Site for assertion with hooks",
            "duration": 0,
            "state": "skipped",
            "pass": false,
            "fail": false,
            "pending": false,
            "code": "cy.percySnapshot(); //Explicit assertions\ncy.get(\"[aria-label='jump to slide 2']\", {\n  timeout: 60000\n}).should(function ($x) {\n  expect($x).to.have.class(\"ls-nav-active\");\n});\ncy.percySnapshot();",
            "err": {},
            "isRoot": false,
            "uuid": "93f747a4-11b4-4435-b803-469eb8b6236c",
            "isHook": false,
            "skipped": true
          }
        ],
        "suites": [],
        "passes": [],
        "failures": [],
        "pending": [],
        "skipped": [
          "202f1069-0f6f-4d6a-964c-4ab3c7546887",
          "93f747a4-11b4-4435-b803-469eb8b6236c"
        ],
        "duration": 0,
        "root": false,
        "rootEmpty": false,
        "_timeout": 2000
      }
    ],
    "passes": [],
    "failures": [],
    "pending": [],
    "skipped": [],
    "duration": 0,
    "root": true,
    "rootEmpty": true,
    "_timeout": 2000
  },
  "copyrightYear": 2019
}