{
  "stats": {
    "suites": 1,
    "tests": 1,
    "passes": 1,
    "pending": 0,
    "failures": 0,
    "start": "2019-06-14T04:42:38.186Z",
    "end": "2019-06-14T04:42:38.827Z",
    "duration": 641,
    "testsRegistered": 1,
    "passPercent": 100,
    "pendingPercent": 0,
    "other": 0,
    "hasOther": false,
    "skipped": 0,
    "hasSkipped": false,
    "passPercentClass": "success",
    "pendingPercentClass": "danger"
  },
  "suites": {
    "uuid": "21fa6c47-8e64-4131-9de2-be7d4136ad94",
    "title": "",
    "fullFile": "",
    "file": "",
    "beforeHooks": [],
    "afterHooks": [],
    "tests": [],
    "suites": [
      {
        "uuid": "f8536dce-8e8a-49ae-adfd-74270da3168f",
        "title": "Test API from the Fake JSON Server",
        "fullFile": "",
        "file": "",
        "beforeHooks": [],
        "afterHooks": [],
        "tests": [
          {
            "title": "API testing",
            "fullTitle": "Test API from the Fake JSON Server API testing",
            "duration": 609,
            "state": "passed",
            "speed": "slow",
            "pass": true,
            "fail": false,
            "pending": false,
            "code": "cy.request({\n  method: 'POST',\n  url: 'http://eaapp.somee.com/Account/Login',\n  body: {\n    \"__RequestVerificationToken\": \"jJ27CGSB6SHC24F0oV5nGIcKmDPqG2WfwOCDZxTUIhJ8Tk9TiSYlzhrzuhP5Ct2rHTiOY46WawRVGy6qanY18HsdbKEeK0TqWjgOY9b6RZE1\",\n    \"UserName\": \"admin\",\n    \"Password\": \"password\",\n    \"RememberMe\": \"false\"\n  },\n  failOnStatusCode: false\n}).then(function ($res) {\n  expect($res.status).to.eql(500);\n  expect($res.body).to.contain('<i>The required anti-forgery cookie &quot;__RequestVerificationToken&quot; is not present.</i>');\n});",
            "err": {},
            "isRoot": false,
            "uuid": "5bda2641-c26c-4041-8538-7a4925c3bcef",
            "isHook": false,
            "skipped": false
          }
        ],
        "suites": [],
        "passes": [
          "5bda2641-c26c-4041-8538-7a4925c3bcef"
        ],
        "failures": [],
        "pending": [],
        "skipped": [],
        "duration": 609,
        "root": false,
        "rootEmpty": false,
        "_timeout": 2000
      }
    ],
    "passes": [],
    "failures": [],
    "pending": [],
    "skipped": [],
    "duration": 0,
    "root": true,
    "rootEmpty": true,
    "_timeout": 2000
  },
  "copyrightYear": 2019
}