{
  "stats": {
    "suites": 1,
    "tests": 1,
    "passes": 1,
    "pending": 0,
    "failures": 0,
    "start": "2020-05-17T14:13:40.425Z",
    "end": "2020-05-17T14:13:45.334Z",
    "duration": 4909,
    "testsRegistered": 1,
    "passPercent": 100,
    "pendingPercent": 0,
    "other": 0,
    "hasOther": false,
    "skipped": 0,
    "hasSkipped": false
  },
  "results": [
    {
      "uuid": "f4309063-37f5-4746-8764-79ad15549920",
      "title": "",
      "fullFile": "",
      "file": "",
      "beforeHooks": [],
      "afterHooks": [],
      "tests": [],
      "suites": [
        {
          "uuid": "bf005845-fca1-4200-b4db-31997c5fc669",
          "title": "Testing of ea ",
          "fullFile": "",
          "file": "",
          "beforeHooks": [],
          "afterHooks": [],
          "tests": [
            {
              "title": "login application",
              "fullTitle": "Testing of ea  login application",
              "timedOut": null,
              "duration": 4882,
              "state": "passed",
              "speed": "slow",
              "pass": true,
              "fail": false,
              "pending": false,
              "context": null,
              "code": "cy.visit('http://eaapp.somee.com');\ncy.get(\"#loginLink\").then(function ($link) {\n  return $link.text();\n}).as(\"linkText\");\ncy.contains(\"Login\").click({\n  force: true\n});\ncy.get(\"@linkText\").then(function ($x) {\n  expect($x).is.eql('Login');\n});\ncy.url().should(\"include\", \"/Account/Login\");\ncy.get('#UserName').type(\"admin\");\ncy.get('#Password').type(\"password\");\ncy.get('.btn').click({\n  force: true\n});\ncy.contains(\"Employee List\").click({\n  force: true\n});\ncy.get('.table').find('tr').contains(\"Prashanth\").parent().contains(\"Benefits\").click();",
              "err": {},
              "uuid": "5551a8da-a21b-45d3-b5e2-e9a00505b32d",
              "parentUUID": "bf005845-fca1-4200-b4db-31997c5fc669",
              "isHook": false,
              "skipped": false
            }
          ],
          "suites": [],
          "passes": [
            "5551a8da-a21b-45d3-b5e2-e9a00505b32d"
          ],
          "failures": [],
          "pending": [],
          "skipped": [],
          "duration": 4882,
          "root": false,
          "rootEmpty": false,
          "_timeout": 2000
        }
      ],
      "passes": [],
      "failures": [],
      "pending": [],
      "skipped": [],
      "duration": 0,
      "root": true,
      "rootEmpty": true,
      "_timeout": 2000
    }
  ],
  "meta": {
    "mocha": {
      "version": "6.1.4"
    },
    "mochawesome": {
      "options": {
        "quiet": true,
        "reportFilename": "mochawesome",
        "saveHtml": false,
        "saveJson": true,
        "useInlineDiffs": false
      },
      "version": "4.0.1"
    },
    "marge": {
      "options": {
        "id": "default",
        "reportDir": "cypress/reports/mocha",
        "quiet": true,
        "overwrite": false,
        "html": false,
        "json": true
      },
      "version": "4.0.1"
    }
  }
}