{
  "stats": {
    "suites": 1,
    "tests": 1,
    "passes": 1,
    "pending": 0,
    "failures": 0,
    "start": "2019-06-14T04:37:30.062Z",
    "end": "2019-06-14T04:37:35.570Z",
    "duration": 5508,
    "testsRegistered": 1,
    "passPercent": 100,
    "pendingPercent": 0,
    "other": 0,
    "hasOther": false,
    "skipped": 0,
    "hasSkipped": false,
    "passPercentClass": "success",
    "pendingPercentClass": "danger"
  },
  "suites": {
    "uuid": "6137b4ed-e9e1-4c21-a9b4-517cc209298c",
    "title": "",
    "fullFile": "",
    "file": "",
    "beforeHooks": [],
    "afterHooks": [],
    "tests": [],
    "suites": [
      {
        "uuid": "6db4b3af-25be-4a43-8bc3-04417a6e245a",
        "title": "EATestFeature",
        "fullFile": "",
        "file": "",
        "beforeHooks": [],
        "afterHooks": [],
        "tests": [
          {
            "title": "Test the login feature",
            "fullTitle": "EATestFeature Test the login feature",
            "duration": 5482,
            "state": "passed",
            "speed": "slow",
            "pass": true,
            "fail": false,
            "pending": false,
            "code": "if (backgroundSection) {\n  backgroundSection.steps.forEach(step => stepTest.call(this, step));\n}\nscenario.steps.forEach(step => stepTest.call(this, step));",
            "err": {},
            "isRoot": false,
            "uuid": "ad81531a-a310-4f3f-aa04-94dd3ef3f450",
            "isHook": false,
            "skipped": false
          }
        ],
        "suites": [],
        "passes": [
          "ad81531a-a310-4f3f-aa04-94dd3ef3f450"
        ],
        "failures": [],
        "pending": [],
        "skipped": [],
        "duration": 5482,
        "root": false,
        "rootEmpty": false,
        "_timeout": 2000
      }
    ],
    "passes": [],
    "failures": [],
    "pending": [],
    "skipped": [],
    "duration": 0,
    "root": true,
    "rootEmpty": true,
    "_timeout": 2000
  },
  "copyrightYear": 2019
}