<?xml version="1.0" encoding="UTF-8"?>
<testsuites name="Mocha Tests" time="0" tests="1" failures="1">
  <testsuite name="Root Suite" timestamp="2019-06-14T04:44:28" tests="0" failures="0" time="0">
  </testsuite>
  <testsuite name="Test EA Application" timestamp="2019-06-14T04:44:28" tests="1" failures="1" time="0">
    <testcase name="Test EA Application &quot;before all&quot; hook: Login to application for &quot;Performing Benefit check&quot;" time="0" classname="&quot;before all&quot; hook: Login to application for &quot;Performing Benefit check&quot;">
      <failure message="Timed out retrying: expected &apos;&lt;input#UserName.form-control&gt;&apos; to be &apos;focused&apos;

Because this error occurred during a &apos;before all&apos; hook we are skipping the remaining tests in the current suite: &apos;Test EA Application&apos;" type="CypressError"><![CDATA[CypressError: Timed out retrying: expected '<input#UserName.form-control>' to be 'focused'

Because this error occurred during a 'before all' hook we are skipping the remaining tests in the current suite: 'Test EA Application'
    at Object.cypressErr (http://eaapp.somee.com/__cypress/runner/cypress_runner.js:83220:11)
    at Object.throwErr (http://eaapp.somee.com/__cypress/runner/cypress_runner.js:83185:18)
    at Object.throwErrByPath (http://eaapp.somee.com/__cypress/runner/cypress_runner.js:83212:17)
    at retry (http://eaapp.somee.com/__cypress/runner/cypress_runner.js:76640:16)
    at http://eaapp.somee.com/__cypress/runner/cypress_runner.js:68612:18
    at tryCatcher (http://eaapp.somee.com/__cypress/runner/cypress_runner.js:132142:23)
    at Promise._settlePromiseFromHandler (http://eaapp.somee.com/__cypress/runner/cypress_runner.js:130160:31)
    at Promise._settlePromise (http://eaapp.somee.com/__cypress/runner/cypress_runner.js:130217:18)
    at Promise._settlePromise0 (http://eaapp.somee.com/__cypress/runner/cypress_runner.js:130262:10)
    at Promise._settlePromises (http://eaapp.somee.com/__cypress/runner/cypress_runner.js:130337:18)
    at Async._drainQueue (http://eaapp.somee.com/__cypress/runner/cypress_runner.js:127066:16)
    at Async._drainQueues (http://eaapp.somee.com/__cypress/runner/cypress_runner.js:127076:10)
    at Async.drainQueues (http://eaapp.somee.com/__cypress/runner/cypress_runner.js:126950:14)]]></failure>
    </testcase>
  </testsuite>
</testsuites>