<?xml version="1.0" encoding="UTF-8"?>
<testsuites name="Mocha Tests" time="0" tests="1" failures="1">
  <testsuite name="Root Suite" timestamp="2019-06-14T04:44:54" tests="0" failures="0" time="0">
  </testsuite>
  <testsuite name="Actions" timestamp="2019-06-14T04:44:54" tests="1" failures="1" time="0">
    <testcase name="Actions &quot;before each&quot; hook for &quot;Perform iFrame data entry&quot;" time="0" classname="&quot;before each&quot; hook for &quot;Perform iFrame data entry&quot;">
      <failure message="cy.visit() failed trying to load:

http://eaapp.somee.com/iframeapp.html

The response we received from your web server was:

  &gt; 404: Not Found

This was considered a failure because the status code was not &apos;2xx&apos;.

If you do not want status codes to cause failures pass the option: &apos;failOnStatusCode: false&apos;

Because this error occurred during a &apos;before each&apos; hook we are skipping the remaining tests in the current suite: &apos;Actions&apos;" type="CypressError"><![CDATA[CypressError: cy.visit() failed trying to load:

http://eaapp.somee.com/iframeapp.html

The response we received from your web server was:

  > 404: Not Found

This was considered a failure because the status code was not '2xx'.

If you do not want status codes to cause failures pass the option: 'failOnStatusCode: false'

Because this error occurred during a 'before each' hook we are skipping the remaining tests in the current suite: 'Actions'
    at Object.cypressErr (http://eaapp.somee.com/__cypress/runner/cypress_runner.js:83220:11)
    at Object.throwErr (http://eaapp.somee.com/__cypress/runner/cypress_runner.js:83185:18)
    at Object.throwErrByPath (http://eaapp.somee.com/__cypress/runner/cypress_runner.js:83212:17)
    at http://eaapp.somee.com/__cypress/runner/cypress_runner.js:73606:31
    at visitFailedByErr (http://eaapp.somee.com/__cypress/runner/cypress_runner.js:73175:12)
    at http://eaapp.somee.com/__cypress/runner/cypress_runner.js:73587:22
    at tryCatcher (http://eaapp.somee.com/__cypress/runner/cypress_runner.js:132142:23)
    at Promise._settlePromiseFromHandler (http://eaapp.somee.com/__cypress/runner/cypress_runner.js:130160:31)
    at Promise._settlePromise (http://eaapp.somee.com/__cypress/runner/cypress_runner.js:130217:18)
    at Promise._settlePromise0 (http://eaapp.somee.com/__cypress/runner/cypress_runner.js:130262:10)
    at Promise._settlePromises (http://eaapp.somee.com/__cypress/runner/cypress_runner.js:130337:18)
    at Async._drainQueue (http://eaapp.somee.com/__cypress/runner/cypress_runner.js:127066:16)
    at Async._drainQueues (http://eaapp.somee.com/__cypress/runner/cypress_runner.js:127076:10)
    at Async.drainQueues (http://eaapp.somee.com/__cypress/runner/cypress_runner.js:126950:14)]]></failure>
    </testcase>
  </testsuite>
</testsuites>